<?xml version="1.0" encoding="UTF-8"?>
<!-- Generated by org.testng.reporters.JUnitXMLReporter -->
<testsuite ignored="3" hostname="Arvind-Thirumurugaiya" failures="0" tests="1" name="Default test" time="0.163" errors="0" timestamp="29 Aug 2023 20:08:44 GMT">
  <testcase classname="org.QA.TestNG.Test_API.TC1API" name="ObjectmappedPostPetName" time="0.147"/>
  <testcase classname="org.QA.TestNG.Test_API.TC1API" name="getPetName" time="0.0">
    <ignored/>
  </testcase> <!-- getPetName -->
  <testcase classname="org.QA.TestNG.Test_API.TC1API" name="postPetName" time="0.0">
    <ignored/>
  </testcase> <!-- postPetName -->
  <testcase classname="org.QA.TestNG.Test_API.TC1API" name="GetpetID" time="0.0">
    <ignored/>
  </testcase> <!-- GetpetID -->
</testsuite> <!-- Default test -->
