<?xml version="1.0" encoding="UTF-8"?>
<!-- Generated by org.testng.reporters.JUnitXMLReporter -->
<testsuite ignored="0" hostname="Arvind-Thirumurugaiya" failures="1" tests="1" name="Test" time="2.647" errors="0" timestamp="21 Aug 2023 09:20:08 GMT">
  <testcase classname="org.QA.TestNG.Test_UI.TC1_Three_Slider_Only" name="Three_Slider_Only" time="2.633">
    <failure type="java.lang.NoSuchMethodError" message="org.openqa.selenium.Capabilities.getBrowserVersion()Ljava/lang/String;">
      <![CDATA[java.lang.NoSuchMethodError: org.openqa.selenium.Capabilities.getBrowserVersion()Ljava/lang/String;
at org.openqa.selenium.chromium.ChromiumDriver.<init>(ChromiumDriver.java:162)
at org.openqa.selenium.chrome.ChromeDriver.<init>(ChromeDriver.java:88)
at org.openqa.selenium.chrome.ChromeDriver.<init>(ChromeDriver.java:83)
at org.openqa.selenium.chrome.ChromeDriver.<init>(ChromeDriver.java:51)
at org.QA.Util.BaseClass.LaunchBrowser(BaseClass.java:55)
at org.QA.FunctionUI.HomePageUI.goToHomeMenu(HomePageUI.java:8)
at org.QA.TestNG.Test_UI.TC1_Three_Slider_Only.Three_Slider_Only(TC1_Three_Slider_Only.java:12)
... Removed 25 stack frames]]>
    </failure>
  </testcase> <!-- Three_Slider_Only -->
</testsuite> <!-- Test -->
