<?xml version="1.0" encoding="UTF-8"?>
<testng-results ignored="0" total="1" passed="1" failed="0" skipped="0">
  <reporter-output>
  </reporter-output>
  <suite started-at="2023-08-30T07:27:28Z" name="Default suite" finished-at="2023-08-30T07:27:35Z" duration-ms="7375">
    <groups>
    </groups>
    <test started-at="2023-08-30T07:27:28Z" name="Default test" finished-at="2023-08-30T07:27:35Z" duration-ms="7375">
      <class name="org.QA.TestNG.Test_UI.TC1_Three_Slider_Only">
        <test-method is-config="true" signature="ReportInit()[pri:0, instance:org.QA.TestNG.Test_UI.TC1_Three_Slider_Only@6a370f4]" started-at="2023-08-30T07:27:28Z" name="ReportInit" finished-at="2023-08-30T07:27:28Z" duration-ms="178" status="PASS">
          <reporter-output>
          </reporter-output>
        </test-method> <!-- ReportInit -->
        <test-method signature="Three_Slider_Only()[pri:0, instance:org.QA.TestNG.Test_UI.TC1_Three_Slider_Only@6a370f4]" started-at="2023-08-30T07:27:28Z" name="Three_Slider_Only" finished-at="2023-08-30T07:27:35Z" duration-ms="7365" status="PASS">
          <reporter-output>
          </reporter-output>
        </test-method> <!-- Three_Slider_Only -->
        <test-method is-config="true" signature="ReportGen()[pri:0, instance:org.QA.TestNG.Test_UI.TC1_Three_Slider_Only@6a370f4]" started-at="2023-08-30T07:27:35Z" name="ReportGen" finished-at="2023-08-30T07:27:36Z" duration-ms="429" status="PASS">
          <reporter-output>
          </reporter-output>
        </test-method> <!-- ReportGen -->
      </class> <!-- org.QA.TestNG.Test_UI.TC1_Three_Slider_Only -->
    </test> <!-- Default test -->
  </suite> <!-- Default suite -->
</testng-results>
